<?xml version="1.0" encoding="UTF-8"?>
<coverage generated="1699819144487" clover="3.2.0">
  <project timestamp="1699819144487" name="All files">
    <metrics statements="103" coveredstatements="96" conditionals="94" coveredconditionals="86" methods="3" coveredmethods="3" elements="200" coveredelements="185" complexity="0" loc="103" ncloc="103" packages="1" files="1" classes="1"/>
    <file name="qwick-maffs.cjs" path="/Users/nordern/Documents/projects/QwickMaffs/dist/qwick-maffs.cjs">
      <metrics statements="103" coveredstatements="96" conditionals="94" coveredconditionals="86" methods="3" coveredmethods="3"/>
      <line num="2" count="1" type="stmt"/>
      <line num="3" count="1" type="stmt"/>
      <line num="4" count="1" type="stmt"/>
      <line num="5" count="1" type="stmt"/>
      <line num="33" count="25" type="cond" truecount="2" falsecount="0"/>
      <line num="35" count="3" type="stmt"/>
      <line num="36" count="6" type="cond" truecount="2" falsecount="0"/>
      <line num="37" count="3" type="stmt"/>
      <line num="41" count="25" type="stmt"/>
      <line num="42" count="25" type="cond" truecount="2" falsecount="0"/>
      <line num="43" count="19" type="stmt"/>
      <line num="57" count="25" type="stmt"/>
      <line num="58" count="25" type="stmt"/>
      <line num="59" count="25" type="stmt"/>
      <line num="60" count="118" type="cond" truecount="2" falsecount="0"/>
      <line num="61" count="80" type="cond" truecount="10" falsecount="0"/>
      <line num="63" count="6" type="stmt"/>
      <line num="64" count="6" type="stmt"/>
      <line num="65" count="6" type="stmt"/>
      <line num="66" count="6" type="stmt"/>
      <line num="67" count="6" type="stmt"/>
      <line num="69" count="6" type="cond" truecount="2" falsecount="0"/>
      <line num="70" count="1" type="stmt"/>
      <line num="75" count="5" type="stmt"/>
      <line num="76" count="5" type="stmt"/>
      <line num="84" count="21" type="stmt"/>
      <line num="85" count="21" type="stmt"/>
      <line num="87" count="47" type="stmt"/>
      <line num="88" count="47" type="stmt"/>
      <line num="89" count="47" type="cond" truecount="4" falsecount="0"/>
      <line num="90" count="43" type="stmt"/>
      <line num="91" count="43" type="stmt"/>
      <line num="93" count="4" type="stmt"/>
      <line num="95" count="47" type="cond" truecount="4" falsecount="0"/>
      <line num="96" count="7" type="stmt"/>
      <line num="97" count="7" type="stmt"/>
      <line num="98" count="7" type="stmt"/>
      <line num="100" count="7" type="cond" truecount="4" falsecount="0"/>
      <line num="101" count="1" type="stmt"/>
      <line num="106" count="6" type="stmt"/>
      <line num="107" count="6" type="stmt"/>
      <line num="108" count="40" type="cond" truecount="2" falsecount="0"/>
      <line num="110" count="3" type="stmt"/>
      <line num="115" count="43" type="cond" truecount="2" falsecount="0"/>
      <line num="116" count="41" type="stmt"/>
      <line num="117" count="41" type="cond" truecount="4" falsecount="0"/>
      <line num="118" count="1" type="stmt"/>
      <line num="119" count="1" type="stmt"/>
      <line num="122" count="43" type="stmt"/>
      <line num="123" count="43" type="stmt"/>
      <line num="125" count="43" type="stmt"/>
      <line num="128" count="20" type="cond" truecount="2" falsecount="0"/>
      <line num="129" count="1" type="stmt"/>
      <line num="134" count="19" type="stmt"/>
      <line num="144" count="24" type="stmt"/>
      <line num="145" count="24" type="stmt"/>
      <line num="146" count="62" type="stmt"/>
      <line num="147" count="62" type="cond" truecount="2" falsecount="0"/>
      <line num="148" count="5" type="stmt"/>
      <line num="149" count="5" type="cond" truecount="1" falsecount="1"/>
      <line num="150" count="0" type="stmt"/>
      <line num="152" count="5" type="stmt"/>
      <line num="153" count="5" type="stmt"/>
      <line num="155" count="57" type="cond" truecount="2" falsecount="0"/>
      <line num="159" count="20" type="stmt"/>
      <line num="160" count="20" type="cond" truecount="1" falsecount="1"/>
      <line num="161" count="20" type="stmt"/>
      <line num="165" count="24" type="cond" truecount="2" falsecount="0"/>
      <line num="166" count="7" type="stmt"/>
      <line num="167" count="20" type="stmt"/>
      <line num="168" count="20" type="cond" truecount="4" falsecount="0"/>
      <line num="169" count="2" type="cond" truecount="1" falsecount="1"/>
      <line num="170" count="2" type="cond" truecount="2" falsecount="0"/>
      <line num="171" count="2" type="stmt"/>
      <line num="173" count="0" type="stmt"/>
      <line num="178" count="18" type="cond" truecount="2" falsecount="0"/>
      <line num="179" count="5" type="cond" truecount="3" falsecount="1"/>
      <line num="180" count="5" type="stmt"/>
      <line num="182" count="0" type="stmt"/>
      <line num="190" count="24" type="cond" truecount="2" falsecount="0"/>
      <line num="191" count="11" type="stmt"/>
      <line num="192" count="21" type="stmt"/>
      <line num="193" count="21" type="cond" truecount="4" falsecount="0"/>
      <line num="194" count="6" type="cond" truecount="3" falsecount="1"/>
      <line num="195" count="6" type="cond" truecount="2" falsecount="0"/>
      <line num="196" count="5" type="stmt"/>
      <line num="198" count="1" type="stmt"/>
      <line num="201" count="0" type="stmt"/>
      <line num="209" count="24" type="cond" truecount="2" falsecount="0"/>
      <line num="210" count="16" type="stmt"/>
      <line num="211" count="23" type="stmt"/>
      <line num="212" count="23" type="cond" truecount="4" falsecount="0"/>
      <line num="213" count="7" type="cond" truecount="3" falsecount="1"/>
      <line num="214" count="7" type="cond" truecount="2" falsecount="0"/>
      <line num="215" count="6" type="stmt"/>
      <line num="217" count="1" type="stmt"/>
      <line num="220" count="0" type="stmt"/>
      <line num="228" count="24" type="cond" truecount="1" falsecount="1"/>
      <line num="229" count="0" type="stmt"/>
      <line num="234" count="24" type="cond" truecount="1" falsecount="1"/>
      <line num="235" count="0" type="stmt"/>
      <line num="240" count="24" type="stmt"/>
      <line num="248" count="1" type="stmt"/>
    </file>
  </project>
</coverage>
