{"/Users/nordern/Documents/projects/QwickMaffs/dist/qwick-maffs.cjs": {"path":"/Users/nordern/Documents/projects/QwickMaffs/dist/qwick-maffs.cjs","statementMap":{"0":{"start":{"line":2,"column":16},"end":{"line":2,"column":23}},"1":{"start":{"line":3,"column":11},"end":{"line":3,"column":24}},"2":{"start":{"line":4,"column":20},"end":{"line":4,"column":25}},"3":{"start":{"line":5,"column":16},"end":{"line":246,"column":1}},"4":{"start":{"line":33,"column":8},"end":{"line":40,"column":9}},"5":{"start":{"line":33,"column":19},"end":{"line":33,"column":52}},"6":{"start":{"line":35,"column":12},"end":{"line":39,"column":13}},"7":{"start":{"line":36,"column":16},"end":{"line":38,"column":17}},"8":{"start":{"line":37,"column":20},"end":{"line":37,"column":63}},"9":{"start":{"line":41,"column":21},"end":{"line":41,"column":52}},"10":{"start":{"line":42,"column":8},"end":{"line":42,"column":54}},"11":{"start":{"line":42,"column":40},"end":{"line":42,"column":54}},"12":{"start":{"line":43,"column":8},"end":{"line":43,"column":43}},"13":{"start":{"line":57,"column":26},"end":{"line":57,"column":28}},"14":{"start":{"line":58,"column":20},"end":{"line":58,"column":22}},"15":{"start":{"line":59,"column":8},"end":{"line":127,"column":9}},"16":{"start":{"line":59,"column":21},"end":{"line":59,"column":22}},"17":{"start":{"line":60,"column":12},"end":{"line":60,"column":53}},"18":{"start":{"line":60,"column":44},"end":{"line":60,"column":53}},"19":{"start":{"line":61,"column":12},"end":{"line":126,"column":13}},"20":{"start":{"line":63,"column":34},"end":{"line":63,"column":36}},"21":{"start":{"line":64,"column":20},"end":{"line":64,"column":46}},"22":{"start":{"line":65,"column":20},"end":{"line":65,"column":44}},"23":{"start":{"line":66,"column":20},"end":{"line":66,"column":42}},"24":{"start":{"line":67,"column":20},"end":{"line":67,"column":26}},"25":{"start":{"line":69,"column":20},"end":{"line":74,"column":21}},"26":{"start":{"line":70,"column":24},"end":{"line":73,"column":25}},"27":{"start":{"line":75,"column":20},"end":{"line":75,"column":46}},"28":{"start":{"line":76,"column":20},"end":{"line":76,"column":26}},"29":{"start":{"line":84,"column":20},"end":{"line":84,"column":45}},"30":{"start":{"line":85,"column":20},"end":{"line":85,"column":26}},"31":{"start":{"line":87,"column":32},"end":{"line":87,"column":65}},"32":{"start":{"line":88,"column":30},"end":{"line":88,"column":32}},"33":{"start":{"line":89,"column":20},"end":{"line":94,"column":21}},"34":{"start":{"line":90,"column":24},"end":{"line":90,"column":45}},"35":{"start":{"line":91,"column":24},"end":{"line":91,"column":38}},"36":{"start":{"line":93,"column":24},"end":{"line":93,"column":37}},"37":{"start":{"line":95,"column":20},"end":{"line":114,"column":21}},"38":{"start":{"line":96,"column":24},"end":{"line":96,"column":35}},"39":{"start":{"line":97,"column":24},"end":{"line":97,"column":31}},"40":{"start":{"line":98,"column":24},"end":{"line":98,"column":66}},"41":{"start":{"line":100,"column":24},"end":{"line":105,"column":25}},"42":{"start":{"line":101,"column":28},"end":{"line":104,"column":29}},"43":{"start":{"line":106,"column":24},"end":{"line":106,"column":40}},"44":{"start":{"line":107,"column":24},"end":{"line":107,"column":45}},"45":{"start":{"line":108,"column":27},"end":{"line":114,"column":21}},"46":{"start":{"line":110,"column":24},"end":{"line":113,"column":25}},"47":{"start":{"line":115,"column":20},"end":{"line":121,"column":21}},"48":{"start":{"line":116,"column":37},"end":{"line":116,"column":65}},"49":{"start":{"line":117,"column":24},"end":{"line":120,"column":25}},"50":{"start":{"line":118,"column":28},"end":{"line":118,"column":45}},"51":{"start":{"line":119,"column":28},"end":{"line":119,"column":50}},"52":{"start":{"line":122,"column":20},"end":{"line":122,"column":54}},"53":{"start":{"line":123,"column":20},"end":{"line":123,"column":24}},"54":{"start":{"line":125,"column":20},"end":{"line":125,"column":26}},"55":{"start":{"line":128,"column":8},"end":{"line":133,"column":9}},"56":{"start":{"line":129,"column":12},"end":{"line":132,"column":13}},"57":{"start":{"line":134,"column":8},"end":{"line":134,"column":27}},"58":{"start":{"line":144,"column":32},"end":{"line":144,"column":34}},"59":{"start":{"line":145,"column":8},"end":{"line":164,"column":9}},"60":{"start":{"line":145,"column":21},"end":{"line":145,"column":22}},"61":{"start":{"line":146,"column":24},"end":{"line":146,"column":33}},"62":{"start":{"line":147,"column":12},"end":{"line":154,"column":13}},"63":{"start":{"line":148,"column":26},"end":{"line":148,"column":58}},"64":{"start":{"line":149,"column":16},"end":{"line":151,"column":17}},"65":{"start":{"line":150,"column":20},"end":{"line":150,"column":31}},"66":{"start":{"line":152,"column":16},"end":{"line":152,"column":32}},"67":{"start":{"line":153,"column":16},"end":{"line":153,"column":25}},"68":{"start":{"line":155,"column":12},"end":{"line":163,"column":13}},"69":{"start":{"line":159,"column":33},"end":{"line":159,"column":61}},"70":{"start":{"line":160,"column":16},"end":{"line":162,"column":17}},"71":{"start":{"line":161,"column":20},"end":{"line":161,"column":51}},"72":{"start":{"line":165,"column":8},"end":{"line":189,"column":9}},"73":{"start":{"line":166,"column":12},"end":{"line":188,"column":13}},"74":{"start":{"line":167,"column":16},"end":{"line":167,"column":34}},"75":{"start":{"line":168,"column":16},"end":{"line":187,"column":17}},"76":{"start":{"line":169,"column":20},"end":{"line":177,"column":21}},"77":{"start":{"line":170,"column":34},"end":{"line":170,"column":55}},"78":{"start":{"line":171,"column":24},"end":{"line":171,"column":78}},"79":{"start":{"line":173,"column":24},"end":{"line":176,"column":25}},"80":{"start":{"line":178,"column":23},"end":{"line":187,"column":17}},"81":{"start":{"line":179,"column":20},"end":{"line":186,"column":21}},"82":{"start":{"line":180,"column":24},"end":{"line":180,"column":88}},"83":{"start":{"line":182,"column":24},"end":{"line":185,"column":25}},"84":{"start":{"line":190,"column":8},"end":{"line":208,"column":9}},"85":{"start":{"line":191,"column":12},"end":{"line":207,"column":13}},"86":{"start":{"line":192,"column":16},"end":{"line":192,"column":34}},"87":{"start":{"line":193,"column":16},"end":{"line":206,"column":17}},"88":{"start":{"line":194,"column":20},"end":{"line":205,"column":21}},"89":{"start":{"line":195,"column":24},"end":{"line":199,"column":25}},"90":{"start":{"line":196,"column":28},"end":{"line":196,"column":83}},"91":{"start":{"line":198,"column":28},"end":{"line":198,"column":83}},"92":{"start":{"line":201,"column":24},"end":{"line":204,"column":25}},"93":{"start":{"line":209,"column":8},"end":{"line":227,"column":9}},"94":{"start":{"line":210,"column":12},"end":{"line":226,"column":13}},"95":{"start":{"line":211,"column":16},"end":{"line":211,"column":34}},"96":{"start":{"line":212,"column":16},"end":{"line":225,"column":17}},"97":{"start":{"line":213,"column":20},"end":{"line":224,"column":21}},"98":{"start":{"line":214,"column":24},"end":{"line":218,"column":25}},"99":{"start":{"line":215,"column":28},"end":{"line":215,"column":83}},"100":{"start":{"line":217,"column":28},"end":{"line":217,"column":83}},"101":{"start":{"line":220,"column":24},"end":{"line":223,"column":25}},"102":{"start":{"line":228,"column":8},"end":{"line":233,"column":9}},"103":{"start":{"line":229,"column":12},"end":{"line":232,"column":13}},"104":{"start":{"line":234,"column":8},"end":{"line":239,"column":9}},"105":{"start":{"line":235,"column":12},"end":{"line":238,"column":13}},"106":{"start":{"line":240,"column":8},"end":{"line":240,"column":25}},"107":{"start":{"line":248,"column":0},"end":{"line":248,"column":28}}},"fnMap":{"0":{"name":"(anonymous_0)","decl":{"start":{"line":32,"column":10},"end":{"line":32,"column":11}},"loc":{"start":{"line":32,"column":31},"end":{"line":44,"column":5}},"line":32},"1":{"name":"(anonymous_1)","decl":{"start":{"line":53,"column":15},"end":{"line":53,"column":16}},"loc":{"start":{"line":53,"column":36},"end":{"line":135,"column":5}},"line":53},"2":{"name":"(anonymous_2)","decl":{"start":{"line":143,"column":20},"end":{"line":143,"column":21}},"loc":{"start":{"line":143,"column":44},"end":{"line":241,"column":5}},"line":143}},"branchMap":{"0":{"loc":{"start":{"line":33,"column":8},"end":{"line":40,"column":9}},"type":"if","locations":[{"start":{"line":33,"column":8},"end":{"line":40,"column":9}},{"start":{"line":34,"column":13},"end":{"line":40,"column":9}}],"line":33},"1":{"loc":{"start":{"line":36,"column":16},"end":{"line":38,"column":17}},"type":"if","locations":[{"start":{"line":36,"column":16},"end":{"line":38,"column":17}},{"start":{},"end":{}}],"line":36},"2":{"loc":{"start":{"line":42,"column":8},"end":{"line":42,"column":54}},"type":"if","locations":[{"start":{"line":42,"column":8},"end":{"line":42,"column":54}},{"start":{},"end":{}}],"line":42},"3":{"loc":{"start":{"line":60,"column":12},"end":{"line":60,"column":53}},"type":"if","locations":[{"start":{"line":60,"column":12},"end":{"line":60,"column":53}},{"start":{},"end":{}}],"line":60},"4":{"loc":{"start":{"line":61,"column":12},"end":{"line":126,"column":13}},"type":"switch","locations":[{"start":{"line":62,"column":16},"end":{"line":67,"column":26}},{"start":{"line":68,"column":16},"end":{"line":76,"column":26}},{"start":{"line":77,"column":16},"end":{"line":77,"column":25}},{"start":{"line":78,"column":16},"end":{"line":78,"column":25}},{"start":{"line":79,"column":16},"end":{"line":79,"column":25}},{"start":{"line":80,"column":16},"end":{"line":80,"column":25}},{"start":{"line":81,"column":16},"end":{"line":81,"column":25}},{"start":{"line":82,"column":16},"end":{"line":82,"column":25}},{"start":{"line":83,"column":16},"end":{"line":85,"column":26}},{"start":{"line":86,"column":16},"end":{"line":125,"column":26}}],"line":61},"5":{"loc":{"start":{"line":69,"column":20},"end":{"line":74,"column":21}},"type":"if","locations":[{"start":{"line":69,"column":20},"end":{"line":74,"column":21}},{"start":{},"end":{}}],"line":69},"6":{"loc":{"start":{"line":89,"column":20},"end":{"line":94,"column":21}},"type":"if","locations":[{"start":{"line":89,"column":20},"end":{"line":94,"column":21}},{"start":{"line":92,"column":27},"end":{"line":94,"column":21}}],"line":89},"7":{"loc":{"start":{"line":89,"column":24},"end":{"line":89,"column":50}},"type":"binary-expr","locations":[{"start":{"line":89,"column":24},"end":{"line":89,"column":29}},{"start":{"line":89,"column":33},"end":{"line":89,"column":50}}],"line":89},"8":{"loc":{"start":{"line":95,"column":20},"end":{"line":114,"column":21}},"type":"if","locations":[{"start":{"line":95,"column":20},"end":{"line":114,"column":21}},{"start":{"line":108,"column":27},"end":{"line":114,"column":21}}],"line":95},"9":{"loc":{"start":{"line":95,"column":24},"end":{"line":95,"column":117}},"type":"cond-expr","locations":[{"start":{"line":95,"column":60},"end":{"line":95,"column":88}},{"start":{"line":95,"column":91},"end":{"line":95,"column":117}}],"line":95},"10":{"loc":{"start":{"line":100,"column":24},"end":{"line":105,"column":25}},"type":"if","locations":[{"start":{"line":100,"column":24},"end":{"line":105,"column":25}},{"start":{},"end":{}}],"line":100},"11":{"loc":{"start":{"line":100,"column":28},"end":{"line":100,"column":55}},"type":"binary-expr","locations":[{"start":{"line":100,"column":28},"end":{"line":100,"column":34}},{"start":{"line":100,"column":38},"end":{"line":100,"column":55}}],"line":100},"12":{"loc":{"start":{"line":108,"column":27},"end":{"line":114,"column":21}},"type":"if","locations":[{"start":{"line":108,"column":27},"end":{"line":114,"column":21}},{"start":{},"end":{}}],"line":108},"13":{"loc":{"start":{"line":115,"column":20},"end":{"line":121,"column":21}},"type":"if","locations":[{"start":{"line":115,"column":20},"end":{"line":121,"column":21}},{"start":{},"end":{}}],"line":115},"14":{"loc":{"start":{"line":117,"column":24},"end":{"line":120,"column":25}},"type":"if","locations":[{"start":{"line":117,"column":24},"end":{"line":120,"column":25}},{"start":{},"end":{}}],"line":117},"15":{"loc":{"start":{"line":117,"column":28},"end":{"line":117,"column":55}},"type":"binary-expr","locations":[{"start":{"line":117,"column":28},"end":{"line":117,"column":34}},{"start":{"line":117,"column":38},"end":{"line":117,"column":55}}],"line":117},"16":{"loc":{"start":{"line":128,"column":8},"end":{"line":133,"column":9}},"type":"if","locations":[{"start":{"line":128,"column":8},"end":{"line":133,"column":9}},{"start":{},"end":{}}],"line":128},"17":{"loc":{"start":{"line":147,"column":12},"end":{"line":154,"column":13}},"type":"if","locations":[{"start":{"line":147,"column":12},"end":{"line":154,"column":13}},{"start":{},"end":{}}],"line":147},"18":{"loc":{"start":{"line":149,"column":16},"end":{"line":151,"column":17}},"type":"if","locations":[{"start":{"line":149,"column":16},"end":{"line":151,"column":17}},{"start":{},"end":{}}],"line":149},"19":{"loc":{"start":{"line":155,"column":12},"end":{"line":163,"column":13}},"type":"if","locations":[{"start":{"line":155,"column":12},"end":{"line":163,"column":13}},{"start":{},"end":{}}],"line":155},"20":{"loc":{"start":{"line":160,"column":16},"end":{"line":162,"column":17}},"type":"if","locations":[{"start":{"line":160,"column":16},"end":{"line":162,"column":17}},{"start":{},"end":{}}],"line":160},"21":{"loc":{"start":{"line":165,"column":8},"end":{"line":189,"column":9}},"type":"if","locations":[{"start":{"line":165,"column":8},"end":{"line":189,"column":9}},{"start":{},"end":{}}],"line":165},"22":{"loc":{"start":{"line":168,"column":16},"end":{"line":187,"column":17}},"type":"if","locations":[{"start":{"line":168,"column":16},"end":{"line":187,"column":17}},{"start":{"line":178,"column":23},"end":{"line":187,"column":17}}],"line":168},"23":{"loc":{"start":{"line":168,"column":20},"end":{"line":168,"column":50}},"type":"binary-expr","locations":[{"start":{"line":168,"column":20},"end":{"line":168,"column":33}},{"start":{"line":168,"column":37},"end":{"line":168,"column":50}}],"line":168},"24":{"loc":{"start":{"line":169,"column":20},"end":{"line":177,"column":21}},"type":"if","locations":[{"start":{"line":169,"column":20},"end":{"line":177,"column":21}},{"start":{"line":172,"column":27},"end":{"line":177,"column":21}}],"line":169},"25":{"loc":{"start":{"line":170,"column":34},"end":{"line":170,"column":55}},"type":"cond-expr","locations":[{"start":{"line":170,"column":50},"end":{"line":170,"column":51}},{"start":{"line":170,"column":54},"end":{"line":170,"column":55}}],"line":170},"26":{"loc":{"start":{"line":178,"column":23},"end":{"line":187,"column":17}},"type":"if","locations":[{"start":{"line":178,"column":23},"end":{"line":187,"column":17}},{"start":{},"end":{}}],"line":178},"27":{"loc":{"start":{"line":179,"column":20},"end":{"line":186,"column":21}},"type":"if","locations":[{"start":{"line":179,"column":20},"end":{"line":186,"column":21}},{"start":{"line":181,"column":27},"end":{"line":186,"column":21}}],"line":179},"28":{"loc":{"start":{"line":179,"column":24},"end":{"line":179,"column":94}},"type":"binary-expr","locations":[{"start":{"line":179,"column":24},"end":{"line":179,"column":57}},{"start":{"line":179,"column":61},"end":{"line":179,"column":94}}],"line":179},"29":{"loc":{"start":{"line":190,"column":8},"end":{"line":208,"column":9}},"type":"if","locations":[{"start":{"line":190,"column":8},"end":{"line":208,"column":9}},{"start":{},"end":{}}],"line":190},"30":{"loc":{"start":{"line":193,"column":16},"end":{"line":206,"column":17}},"type":"if","locations":[{"start":{"line":193,"column":16},"end":{"line":206,"column":17}},{"start":{},"end":{}}],"line":193},"31":{"loc":{"start":{"line":193,"column":20},"end":{"line":193,"column":50}},"type":"binary-expr","locations":[{"start":{"line":193,"column":20},"end":{"line":193,"column":33}},{"start":{"line":193,"column":37},"end":{"line":193,"column":50}}],"line":193},"32":{"loc":{"start":{"line":194,"column":20},"end":{"line":205,"column":21}},"type":"if","locations":[{"start":{"line":194,"column":20},"end":{"line":205,"column":21}},{"start":{"line":200,"column":27},"end":{"line":205,"column":21}}],"line":194},"33":{"loc":{"start":{"line":194,"column":24},"end":{"line":194,"column":94}},"type":"binary-expr","locations":[{"start":{"line":194,"column":24},"end":{"line":194,"column":57}},{"start":{"line":194,"column":61},"end":{"line":194,"column":94}}],"line":194},"34":{"loc":{"start":{"line":195,"column":24},"end":{"line":199,"column":25}},"type":"if","locations":[{"start":{"line":195,"column":24},"end":{"line":199,"column":25}},{"start":{"line":197,"column":31},"end":{"line":199,"column":25}}],"line":195},"35":{"loc":{"start":{"line":209,"column":8},"end":{"line":227,"column":9}},"type":"if","locations":[{"start":{"line":209,"column":8},"end":{"line":227,"column":9}},{"start":{},"end":{}}],"line":209},"36":{"loc":{"start":{"line":212,"column":16},"end":{"line":225,"column":17}},"type":"if","locations":[{"start":{"line":212,"column":16},"end":{"line":225,"column":17}},{"start":{},"end":{}}],"line":212},"37":{"loc":{"start":{"line":212,"column":20},"end":{"line":212,"column":50}},"type":"binary-expr","locations":[{"start":{"line":212,"column":20},"end":{"line":212,"column":33}},{"start":{"line":212,"column":37},"end":{"line":212,"column":50}}],"line":212},"38":{"loc":{"start":{"line":213,"column":20},"end":{"line":224,"column":21}},"type":"if","locations":[{"start":{"line":213,"column":20},"end":{"line":224,"column":21}},{"start":{"line":219,"column":27},"end":{"line":224,"column":21}}],"line":213},"39":{"loc":{"start":{"line":213,"column":24},"end":{"line":213,"column":94}},"type":"binary-expr","locations":[{"start":{"line":213,"column":24},"end":{"line":213,"column":57}},{"start":{"line":213,"column":61},"end":{"line":213,"column":94}}],"line":213},"40":{"loc":{"start":{"line":214,"column":24},"end":{"line":218,"column":25}},"type":"if","locations":[{"start":{"line":214,"column":24},"end":{"line":218,"column":25}},{"start":{"line":216,"column":31},"end":{"line":218,"column":25}}],"line":214},"41":{"loc":{"start":{"line":228,"column":8},"end":{"line":233,"column":9}},"type":"if","locations":[{"start":{"line":228,"column":8},"end":{"line":233,"column":9}},{"start":{},"end":{}}],"line":228},"42":{"loc":{"start":{"line":234,"column":8},"end":{"line":239,"column":9}},"type":"if","locations":[{"start":{"line":234,"column":8},"end":{"line":239,"column":9}},{"start":{},"end":{}}],"line":234}},"s":{"0":1,"1":1,"2":1,"3":1,"4":25,"5":22,"6":3,"7":6,"8":3,"9":25,"10":25,"11":6,"12":19,"13":25,"14":25,"15":25,"16":25,"17":118,"18":38,"19":80,"20":6,"21":6,"22":6,"23":6,"24":6,"25":6,"26":1,"27":5,"28":5,"29":21,"30":21,"31":47,"32":47,"33":47,"34":43,"35":43,"36":4,"37":47,"38":7,"39":7,"40":7,"41":7,"42":1,"43":6,"44":6,"45":40,"46":3,"47":43,"48":41,"49":41,"50":1,"51":1,"52":43,"53":43,"54":43,"55":20,"56":1,"57":19,"58":24,"59":24,"60":24,"61":62,"62":62,"63":5,"64":5,"65":0,"66":5,"67":5,"68":57,"69":20,"70":20,"71":20,"72":24,"73":7,"74":20,"75":20,"76":2,"77":2,"78":2,"79":0,"80":18,"81":5,"82":5,"83":0,"84":24,"85":11,"86":21,"87":21,"88":6,"89":6,"90":5,"91":1,"92":0,"93":24,"94":16,"95":23,"96":23,"97":7,"98":7,"99":6,"100":1,"101":0,"102":24,"103":0,"104":24,"105":0,"106":24,"107":1},"f":{"0":25,"1":25,"2":24},"b":{"0":[22,3],"1":[3,3],"2":[6,19],"3":[38,80],"4":[6,6,7,8,13,14,19,20,21,47],"5":[1,5],"6":[43,4],"7":[47,43],"8":[7,40],"9":[46,1],"10":[1,6],"11":[7,6],"12":[3,37],"13":[41,2],"14":[1,40],"15":[41,1],"16":[1,19],"17":[5,57],"18":[0,5],"19":[20,37],"20":[20,0],"21":[7,17],"22":[2,18],"23":[20,19],"24":[2,0],"25":[1,1],"26":[5,13],"27":[5,0],"28":[5,5],"29":[11,13],"30":[6,15],"31":[21,16],"32":[6,0],"33":[6,6],"34":[5,1],"35":[16,8],"36":[7,16],"37":[23,17],"38":[7,0],"39":[7,7],"40":[6,1],"41":[0,24],"42":[0,24]},"inputSourceMap":null,"_coverageSchema":"1a1c01bbd47fc00a2c39e90264f33305004495a9","hash":"1a78c215018f8a411ee935c2979c085b08ab4b75"}
}
