TN:
SF:dist/qwick-maffs.cjs
FN:32,(anonymous_0)
FN:53,(anonymous_1)
FN:143,(anonymous_2)
FNF:3
FNH:3
FNDA:25,(anonymous_0)
FNDA:25,(anonymous_1)
FNDA:24,(anonymous_2)
DA:2,1
DA:3,1
DA:4,1
DA:5,1
DA:33,25
DA:35,3
DA:36,6
DA:37,3
DA:41,25
DA:42,25
DA:43,19
DA:57,25
DA:58,25
DA:59,25
DA:60,118
DA:61,80
DA:63,6
DA:64,6
DA:65,6
DA:66,6
DA:67,6
DA:69,6
DA:70,1
DA:75,5
DA:76,5
DA:84,21
DA:85,21
DA:87,47
DA:88,47
DA:89,47
DA:90,43
DA:91,43
DA:93,4
DA:95,47
DA:96,7
DA:97,7
DA:98,7
DA:100,7
DA:101,1
DA:106,6
DA:107,6
DA:108,40
DA:110,3
DA:115,43
DA:116,41
DA:117,41
DA:118,1
DA:119,1
DA:122,43
DA:123,43
DA:125,43
DA:128,20
DA:129,1
DA:134,19
DA:144,24
DA:145,24
DA:146,62
DA:147,62
DA:148,5
DA:149,5
DA:150,0
DA:152,5
DA:153,5
DA:155,57
DA:159,20
DA:160,20
DA:161,20
DA:165,24
DA:166,7
DA:167,20
DA:168,20
DA:169,2
DA:170,2
DA:171,2
DA:173,0
DA:178,18
DA:179,5
DA:180,5
DA:182,0
DA:190,24
DA:191,11
DA:192,21
DA:193,21
DA:194,6
DA:195,6
DA:196,5
DA:198,1
DA:201,0
DA:209,24
DA:210,16
DA:211,23
DA:212,23
DA:213,7
DA:214,7
DA:215,6
DA:217,1
DA:220,0
DA:228,24
DA:229,0
DA:234,24
DA:235,0
DA:240,24
DA:248,1
LF:103
LH:96
BRDA:33,0,0,22
BRDA:33,0,1,3
BRDA:36,1,0,3
BRDA:36,1,1,3
BRDA:42,2,0,6
BRDA:42,2,1,19
BRDA:60,3,0,38
BRDA:60,3,1,80
BRDA:61,4,0,6
BRDA:61,4,1,6
BRDA:61,4,2,7
BRDA:61,4,3,8
BRDA:61,4,4,13
BRDA:61,4,5,14
BRDA:61,4,6,19
BRDA:61,4,7,20
BRDA:61,4,8,21
BRDA:61,4,9,47
BRDA:69,5,0,1
BRDA:69,5,1,5
BRDA:89,6,0,43
BRDA:89,6,1,4
BRDA:89,7,0,47
BRDA:89,7,1,43
BRDA:95,8,0,7
BRDA:95,8,1,40
BRDA:95,9,0,46
BRDA:95,9,1,1
BRDA:100,10,0,1
BRDA:100,10,1,6
BRDA:100,11,0,7
BRDA:100,11,1,6
BRDA:108,12,0,3
BRDA:108,12,1,37
BRDA:115,13,0,41
BRDA:115,13,1,2
BRDA:117,14,0,1
BRDA:117,14,1,40
BRDA:117,15,0,41
BRDA:117,15,1,1
BRDA:128,16,0,1
BRDA:128,16,1,19
BRDA:147,17,0,5
BRDA:147,17,1,57
BRDA:149,18,0,0
BRDA:149,18,1,5
BRDA:155,19,0,20
BRDA:155,19,1,37
BRDA:160,20,0,20
BRDA:160,20,1,0
BRDA:165,21,0,7
BRDA:165,21,1,17
BRDA:168,22,0,2
BRDA:168,22,1,18
BRDA:168,23,0,20
BRDA:168,23,1,19
BRDA:169,24,0,2
BRDA:169,24,1,0
BRDA:170,25,0,1
BRDA:170,25,1,1
BRDA:178,26,0,5
BRDA:178,26,1,13
BRDA:179,27,0,5
BRDA:179,27,1,0
BRDA:179,28,0,5
BRDA:179,28,1,5
BRDA:190,29,0,11
BRDA:190,29,1,13
BRDA:193,30,0,6
BRDA:193,30,1,15
BRDA:193,31,0,21
BRDA:193,31,1,16
BRDA:194,32,0,6
BRDA:194,32,1,0
BRDA:194,33,0,6
BRDA:194,33,1,6
BRDA:195,34,0,5
BRDA:195,34,1,1
BRDA:209,35,0,16
BRDA:209,35,1,8
BRDA:212,36,0,7
BRDA:212,36,1,16
BRDA:212,37,0,23
BRDA:212,37,1,17
BRDA:213,38,0,7
BRDA:213,38,1,0
BRDA:213,39,0,7
BRDA:213,39,1,7
BRDA:214,40,0,6
BRDA:214,40,1,1
BRDA:228,41,0,0
BRDA:228,41,1,24
BRDA:234,42,0,0
BRDA:234,42,1,24
BRF:94
BRH:86
end_of_record
